C51 COMPILER V9.54   LED_FOR_XIN                                                           05/17/2022 17:34:50 PAGE 1   


C51 COMPILER V9.54, COMPILATION OF MODULE LED_FOR_XIN
OBJECT MODULE PLACED IN .\Objects\LED for xin.obj
COMPILER INVOKED BY: D:\keil 5\C51\BIN\C51.EXE LED for xin.c OPTIMIZE(8,SPEED) BROWSE DEBUG OBJECTEXTEND PRINT(.\Listing
                    -s\LED for xin.lst) TABS(2) OBJECT(.\Objects\LED for xin.obj)

line level    source

   1          
   2          #include <REGX51.H>
   3          #include <intrins.h>
   4          
   5          #define DELAY_MS 10
   6          
   7          typedef unsigned long u32;
   8          
   9          void setLed(u32 res);
  10          void delay(u32 ms);
  11          
  12          void main()
  13          {
  14   1        u32 a = ~(0x00000001), b = 0;
  15   1        u32 k = 0, i = 0;
  16   1      while(1)
  17   1       {
  18   2         i = 20;
  19   2      a = 0;
  20   2      for(k = 0; k < i; k++)
  21   2      {
  22   3        delay(DELAY_MS * 2);
  23   3        a = ~a;
  24   3        setLed(a);
  25   3      }
  26   2       }
  27   1      }
  28          void setLed(u32 res)
  29          { 
  30   1        P2 = (res & 0x000000FF) >> (0*4);
  31   1        P0 = (res & 0x0000FF00) >> (2*4);
  32   1      }
  33          
  34          void delay(u32 n)
  35          {
  36   1        u32 i = 0, j = 0;
  37   1        for (i = 0; i < n; i++)
  38   1            for (j = 0; j < 123; j++);
  39   1      }
  40          


MODULE INFORMATION:   STATIC OVERLAYABLE
   CODE SIZE        =    297    ----
   CONSTANT SIZE    =   ----    ----
   XDATA SIZE       =   ----    ----
   PDATA SIZE       =   ----    ----
   DATA SIZE        =   ----      32
   IDATA SIZE       =   ----    ----
   BIT SIZE         =   ----    ----
END OF MODULE INFORMATION.


C51 COMPILATION COMPLETE.  0 WARNING(S),  0 ERROR(S)
