C51 COMPILER V9.54   LED1                                                                  04/23/2022 10:54:52 PAGE 1   


C51 COMPILER V9.54, COMPILATION OF MODULE LED1
OBJECT MODULE PLACED IN .\Objects\LED1.obj
COMPILER INVOKED BY: D:\keil 5\C51\BIN\C51.EXE LED1.c OPTIMIZE(8,SPEED) BROWSE DEBUG OBJECTEXTEND PRINT(.\Listings\LED1.
                    -lst) TABS(2) OBJECT(.\Objects\LED1.obj)

line level    source

   1          #include <REGX51.H>
   2          
   3          unsigned char led[]={0xfe,0xfd,0xfb,0xf7,0xef,0xdf,0xbf,0x7f};
   4           sbit K=P0^0;
   5          void delaylms(unsigned int  i)
   6          {
   7   1        unsigned char j;
   8   1        while(i--)
   9   1        {
  10   2          for (j=0;j<125;j++);
  11   2        }
  12   1      }
  13          void main()
  14          {
  15   1        unsigned char i,w,k;
  16   1        P2=0xff;
  17   1        while(1)
  18   1        {
  19   2          if(K==0 )
  20   2          {
  21   3            delaylms(10);
  22   3            k++;
  23   3            if(K==0&& k%2==1)
  24   3            {
  25   4              w=0x01;
  26   4              for(i=0;i<8;i++)
  27   4              {
  28   5                P2=~w;
  29   5                delaylms(300);
  30   5                w<<=1;
  31   5              }
  32   4            }
  33   3            if(K==0 && k%2==0)
  34   3             {
  35   4              w=0x80;
  36   4              for(i=0;i<8;i++)
  37   4              {
  38   5                P2=~w;
  39   5                delaylms(300);
  40   5                w>>=1;
  41   5              }
  42   4             }
  43   3           }  
  44   2          else P2=0x00;
  45   2         }
  46   1      }


MODULE INFORMATION:   STATIC OVERLAYABLE
   CODE SIZE        =    101    ----
   CONSTANT SIZE    =   ----    ----
   XDATA SIZE       =   ----    ----
   PDATA SIZE       =   ----    ----
   DATA SIZE        =      8       1
C51 COMPILER V9.54   LED1                                                                  04/23/2022 10:54:52 PAGE 2   

   IDATA SIZE       =   ----    ----
   BIT SIZE         =   ----    ----
END OF MODULE INFORMATION.


C51 COMPILATION COMPLETE.  0 WARNING(S),  0 ERROR(S)
