C51 COMPILER V9.54   LED2                                                                  05/12/2022 17:17:39 PAGE 1   


C51 COMPILER V9.54, COMPILATION OF MODULE LED2
OBJECT MODULE PLACED IN .\Objects\LED2.obj
COMPILER INVOKED BY: D:\keil 5\C51\BIN\C51.EXE LED2.c OPTIMIZE(8,SPEED) BROWSE DEBUG OBJECTEXTEND PRINT(.\Listings\LED2.
                    -lst) TABS(2) OBJECT(.\Objects\LED2.obj)

line level    source

   1          #include<reg51.h>
   2          void delay()
   3          {
   4   1        unsigned int i;
   5   1        for (i=0;i<20000;i++)
   6   1        {}
   7   1      }
   8          
   9          void main ()
  10          {
  11   1        unsigned char index,LED;
  12   1        SCON=0;
  13   1        while(1)
  14   1        {
  15   2          LED=0x7f;
  16   2          for(index=0;index<8;index++)
  17   2          {
  18   3            SBUF=LED;
  19   3            do{} while (!TI);
  20   3              LED=((LED>>1)|0x80);
  21   3              delay();
  22   3          }
  23   2        }
  24   1      }


MODULE INFORMATION:   STATIC OVERLAYABLE
   CODE SIZE        =     42    ----
   CONSTANT SIZE    =   ----    ----
   XDATA SIZE       =   ----    ----
   PDATA SIZE       =   ----    ----
   DATA SIZE        =   ----    ----
   IDATA SIZE       =   ----    ----
   BIT SIZE         =   ----    ----
END OF MODULE INFORMATION.


C51 COMPILATION COMPLETE.  0 WARNING(S),  0 ERROR(S)
