C51 COMPILER V9.54   MAIN                                                                  05/17/2022 20:19:35 PAGE 1   


C51 COMPILER V9.54, COMPILATION OF MODULE MAIN
OBJECT MODULE PLACED IN .\Objects\main.obj
COMPILER INVOKED BY: D:\keil 5\C51\BIN\C51.EXE main.c OPTIMIZE(8,SPEED) BROWSE DEBUG OBJECTEXTEND PRINT(.\Listings\main.
                    -lst) TABS(2) OBJECT(.\Objects\main.obj)

line level    source

   1          #include <REGX51.H>
   2          
   3          void delay(unsigned int xms)
   4          {
   5   1         unsigned char i,j;
   6   1        while (xms--)
   7   1        {i=2;
   8   2        j=239;
   9   2        do{
  10   3        while(--j);
  11   3          }while(--i);
  12   2        }
  13   1      }
  14          
  15          void main()
  16          {
  17   1        while(1)
  18   1        {
  19   2          delay(10);
  20   2          
  21   2        }
  22   1      }


MODULE INFORMATION:   STATIC OVERLAYABLE
   CODE SIZE        =     30    ----
   CONSTANT SIZE    =   ----    ----
   XDATA SIZE       =   ----    ----
   PDATA SIZE       =   ----    ----
   DATA SIZE        =   ----    ----
   IDATA SIZE       =   ----    ----
   BIT SIZE         =   ----    ----
END OF MODULE INFORMATION.


C51 COMPILATION COMPLETE.  0 WARNING(S),  0 ERROR(S)
