C51 COMPILER V9.54   ____LED                                                               05/17/2022 17:12:46 PAGE 1   


C51 COMPILER V9.54, COMPILATION OF MODULE ____LED
OBJECT MODULE PLACED IN .\Objects\心型led.obj
COMPILER INVOKED BY: D:\keil 5\C51\BIN\C51.EXE 心型led.c OPTIMIZE(8,SPEED) BROWSE DEBUG OBJECTEXTEND PRINT(.\Listings\心
                    -型led.lst) TABS(2) OBJECT(.\Objects\心型led.obj)

line level    source

   1          #include <REGX51.H>
   2          
   3          unsigned char led[]={0xfe,0xfd,0xfb,0xf7,0xef,0xdf,0xbf,0x7f};
   4           sbit K=P1^0;
   5          void delaylms(unsigned int  i)
   6          {
   7   1        unsigned char j;
   8   1        while(i--)
   9   1        {
  10   2          for (j=0;j<125;j++);
  11   2        }
  12   1      }
  13          void main()
  14          {
  15   1        unsigned char i,w,k,j;
  16   1        P0=0xff;
  17   1        P2=0xff;
  18   1        while(1)
  19   1        {
  20   2          if(K==0 )
  21   2          {
  22   3            delaylms(10);
  23   3            k++;
  24   3            if(K==0&& k%2==1)
  25   3            {
  26   4              w=0x01;
  27   4              for(i=0;i<8;i++)
  28   4              {
  29   5                P0=~w;
  30   5                delaylms(300);
  31   5                w<<=1;
  32   5              }
  33   4            }
  34   3            if(K==0 && k%2==0)
  35   3             {
  36   4              w=0x80;
  37   4              for(i=0;i<8;i++)
  38   4              {
  39   5                P0=~w;
  40   5                delaylms(300);
  41   5                w>>=1;
  42   5              }
  43   4             }
  44   3           }  
  45   2          //
  46   2              if(K==0 )
  47   2          {
  48   3            delaylms(10);
  49   3            j++;
  50   3            if(K==0&& j%2==1)
  51   3            {
  52   4              w=0x01;
  53   4              for(i=0;i<8;i++)
  54   4              {
C51 COMPILER V9.54   ____LED                                                               05/17/2022 17:12:46 PAGE 2   

  55   5                P2=~w;
  56   5                delaylms(300);
  57   5                w<<=1;
  58   5              }
  59   4            }
  60   3            if(K==0 && j%2==0)
  61   3             {
  62   4              w=0x80;
  63   4              for(i=0;i<8;i++)
  64   4              {
  65   5                P2=~w;
  66   5                delaylms(300);
  67   5                w>>=1;
  68   5              }
  69   4             }
  70   3           }  
  71   2          else P1=0x00;
  72   2         }
  73   1      }


MODULE INFORMATION:   STATIC OVERLAYABLE
   CODE SIZE        =    171    ----
   CONSTANT SIZE    =   ----    ----
   XDATA SIZE       =   ----    ----
   PDATA SIZE       =   ----    ----
   DATA SIZE        =      8       2
   IDATA SIZE       =   ----    ----
   BIT SIZE         =   ----    ----
END OF MODULE INFORMATION.


C51 COMPILATION COMPLETE.  0 WARNING(S),  0 ERROR(S)
