C51 COMPILER V9.54   FLASHLCD                                                              04/08/2022 08:53:56 PAGE 1   


C51 COMPILER V9.54, COMPILATION OF MODULE FLASHLCD
OBJECT MODULE PLACED IN .\Objects\flashLCD.obj
COMPILER INVOKED BY: D:\keil 5\C51\BIN\C51.EXE flashLCD.c OPTIMIZE(8,SPEED) BROWSE DEBUG OBJECTEXTEND PRINT(.\Listings\f
                    -lashLCD.lst) TABS(2) OBJECT(.\Objects\flashLCD.obj)

line level    source

   1          #include<reg51.h>
   2          #include<intrins.h>
   3          unsigned char code led[]={0xb0,0x80,0xb0,0xc0,0xc0,0x82};
   4          unsigned char i,j;
   5          void delaylms(unsigned int i)
   6          {
   7   1        unsigned int x;
   8   1        while(i--)  
   9   1        {
  10   2        for(x=0;x<120;x++);
  11   2        }
  12   1      }
  13          
  14          void main()
  15          {   
  16   1          j=0xfe;
  17   1        for(i=0;i<6;i++)
  18   1        {
  19   2          P1=0xff;
  20   2          P3=j;
  21   2          j=_crol_(j,1);
  22   2          P1=led[i];
  23   2          delaylms(2);
  24   2        }
  25   1      }
  26          


MODULE INFORMATION:   STATIC OVERLAYABLE
   CODE SIZE        =     80    ----
   CONSTANT SIZE    =      6    ----
   XDATA SIZE       =   ----    ----
   PDATA SIZE       =   ----    ----
   DATA SIZE        =      2    ----
   IDATA SIZE       =   ----    ----
   BIT SIZE         =   ----    ----
END OF MODULE INFORMATION.


C51 COMPILATION COMPLETE.  0 WARNING(S),  0 ERROR(S)
