C51 COMPILER V9.54   TEXT                                                                  04/14/2022 17:28:54 PAGE 1   


C51 COMPILER V9.54, COMPILATION OF MODULE TEXT
OBJECT MODULE PLACED IN .\Objects\text.obj
COMPILER INVOKED BY: D:\keil 5\C51\BIN\C51.EXE text.c OPTIMIZE(8,SPEED) BROWSE DEBUG OBJECTEXTEND PRINT(.\Listings\text.
                    -lst) TABS(2) OBJECT(.\Objects\text.obj)

line level    source

   1          #include<reg51.h>
   2          sbit Left=P2^1;
   3          sbit Right=P2^0;
   4          void delaylms(unsigned int n)
   5          {
   6   1        unsigned char j;
   7   1        while(n--)
   8   1        {
   9   2          for(j=0;j<120;j++)
  10   2          {
  11   3            
  12   3          }
  13   2        }
  14   1      }
  15          void main()
  16          {
  17   1        while(1)
  18   1        {
  19   2             if(Left==0 && Right==0)
  20   2           {
  21   3             P0=0xFC;
  22   3             delaylms(200);
  23   3             P0=0xFF;
  24   3             delaylms(200);
  25   3             break;
  26   3           }
  27   2        if(Left==0)
  28   2         {
  29   3          P0=0xFE;
  30   3          delaylms(200);
  31   3          P0=0xFF;
  32   3          delaylms(200);
  33   3          break;
  34   3         }
  35   2         if(Right==0)
  36   2           {
  37   3             P0=0xFD;
  38   3             delaylms(200);
  39   3             P0=0xFF;
  40   3             delaylms(200);
  41   3             break;
  42   3           }
  43   2      
  44   2         }
  45   1       }


MODULE INFORMATION:   STATIC OVERLAYABLE
   CODE SIZE        =     65    ----
   CONSTANT SIZE    =   ----    ----
   XDATA SIZE       =   ----    ----
   PDATA SIZE       =   ----    ----
   DATA SIZE        =   ----    ----
   IDATA SIZE       =   ----    ----
C51 COMPILER V9.54   TEXT                                                                  04/14/2022 17:28:54 PAGE 2   

   BIT SIZE         =   ----    ----
END OF MODULE INFORMATION.


C51 COMPILATION COMPLETE.  0 WARNING(S),  0 ERROR(S)
