C51 COMPILER V9.54   KEYBOARD                                                              04/16/2022 21:31:09 PAGE 1   


C51 COMPILER V9.54, COMPILATION OF MODULE KEYBOARD
OBJECT MODULE PLACED IN .\Objects\keyboard.obj
COMPILER INVOKED BY: D:\keil 5\C51\BIN\C51.EXE keyboard.c OPTIMIZE(8,SPEED) BROWSE DEBUG OBJECTEXTEND PRINT(.\Listings\k
                    -eyboard.lst) TABS(2) OBJECT(.\Objects\keyboard.obj)

line level    source

   1          #include <REGX51.H>
   2          #include <intrins.h>
   3          unsigned char led[]={0xc0,0xf9,0xa4,0xb0,0x99,0x82,0xf8,0x80,0x90,0x88,0x83,0xc6,0xa1,0x86,0x8e};
   4          unsigned char i,k,p;
   5          void delay1ms1(unsigned int i);
   6          char scan_key ( )
   7          {
   8   1        unsigned char temp,result=-1;
   9   1        P0=0xff;
  10   1        P0=0xf0;
  11   1        temp=P0; 
  12   1        if(temp!=0xf0) 
  13   1         { 
  14   2          delay1ms1(5); 
  15   2          if(temp!=0xf0)
  16   2           { 
  17   3            P0=0xfe;
  18   3            temp=P0;
  19   3            switch(temp) 
  20   3             { 
  21   4             case(0xee):result='0';break; 
  22   4             case(0xde):result='1';break; 
  23   4             case(0xbe):result='2';break; 
  24   4             case(0x7e):result='3';break; 
  25   4             }
  26   3      
  27   3           P0=0xfd;
  28   3           temp=P0;
  29   3           switch(temp) 
  30   3             { 
  31   4             case(0xed):result='4';break; 
  32   4             case(0xdd):result='5';break; 
  33   4             case(0xbd):result='6';break; 
  34   4             case(0x7d):result='7';break; 
  35   4             }
  36   3      
  37   3           P0=0xfb;
  38   3           temp=P0;
  39   3           switch(temp) 
  40   3             { 
  41   4             case(0xeb):result='8';break; 
  42   4             case(0xdb):result='9';break; 
  43   4             case(0xbb):result='A';break; 
  44   4             case(0x7b):result='B';break; 
  45   4             }
  46   3      
  47   3           P0=0xf7;
  48   3           temp=P0;
  49   3           switch(temp) 
  50   3             { 
  51   4             case(0xe7):result='C';break; 
  52   4             case(0xd7):result='D';break; 
  53   4             case(0xb7):result='E';break; 
  54   4             case(0x77):result='F';break; 
C51 COMPILER V9.54   KEYBOARD                                                              04/16/2022 21:31:09 PAGE 2   

  55   4             } 
  56   3         } 
  57   2       } 
  58   1       return result;
  59   1      }
  60          void delay1ms1(unsigned int i)
  61          {
  62   1         unsigned char j;
  63   1         while(i--)
  64   1           {
  65   2          for (j=0;j<114;j++);
  66   2         }
  67   1      }
  68          void main()
  69          {
  70   1        char i,p;
  71   1        while(1)
  72   1        {
  73   2          i=scan_key();
  74   2          if(i==-1)continue;
  75   2      else
  76   2          {
  77   3            switch(p)
  78   3            {
  79   4              case 0:P2=led[i-'0'];break;
  80   4              case 1:P2=led[i-'0'];break;
  81   4              case 2:P2=led[i-'0'];break;
  82   4              case 3:P2=led[i-'0'];
  83   4            }
  84   3          }
  85   2        }
  86   1      }
  87          
  88          


MODULE INFORMATION:   STATIC OVERLAYABLE
   CODE SIZE        =    275    ----
   CONSTANT SIZE    =   ----    ----
   XDATA SIZE       =   ----    ----
   PDATA SIZE       =   ----    ----
   DATA SIZE        =     18       3
   IDATA SIZE       =   ----    ----
   BIT SIZE         =   ----    ----
END OF MODULE INFORMATION.


C51 COMPILATION COMPLETE.  0 WARNING(S),  0 ERROR(S)
