C51 COMPILER V9.54   KEYBOARD                                                              05/18/2022 19:14:50 PAGE 1   


C51 COMPILER V9.54, COMPILATION OF MODULE KEYBOARD
OBJECT MODULE PLACED IN .\Objects\Keyboard.obj
COMPILER INVOKED BY: D:\keil 5\C51\BIN\C51.EXE D:\桌面\CodeLock_ToStu\Keyboard.c OPTIMIZE(8,SPEED) BROWSE DEBUG OBJECTEX
                    -TEND PRINT(.\Listings\Keyboard.lst) TABS(2) OBJECT(.\Objects\Keyboard.obj)

line level    source

   1          #include <reg51.h>    //包含头文件reg51.h，定义51单片机的专用寄存器
   2          void delay1ms1(unsigned int i);
   3          //函数名：scan_key
   4          //函数功能：判断是否有键按下，如果有键按下，逐列扫描法得到键值
   5          //形式参数：无
   6          //返回值：键值'0'～'F'，-1表示无键按下
   7          char scan_key ( )
   8          {
   9   1        unsigned char temp,result=-1;
  10   1        P0=0xf0;
  11   1        temp=P0; 
  12   1        if(temp!=0xf0) 
  13   1         { 
  14   2          delay1ms1(5); //延时消抖 
  15   2          if(temp!=0xf0)
  16   2           { 
  17   3            P0=0xfe;
  18   3            temp=P0;
  19   3            switch(temp) 
  20   3             { 
  21   4             case(0xee):result='0';break; 
  22   4             case(0xde):result='1';break; 
  23   4             case(0xbe):result='2';break; 
  24   4             case(0x7e):result='3';break; 
  25   4             }
  26   3      
  27   3           P0=0xfd;
  28   3           temp=P0;
  29   3           switch(temp) 
  30   3             { 
  31   4             case(0xed):result='4';break; 
  32   4             case(0xdd):result='5';break; 
  33   4             case(0xbd):result='6';break; 
  34   4             case(0x7d):result='7';break; 
  35   4             }
  36   3      
  37   3           P0=0xfb;
  38   3           temp=P0;
  39   3           switch(temp) 
  40   3             { 
  41   4             case(0xeb):result='8';break; 
  42   4             case(0xdb):result='9';break; 
  43   4             case(0xbb):result='A';break; 
  44   4             case(0x7b):result='B';break; 
  45   4             }
  46   3      
  47   3           P0=0xf7;
  48   3           temp=P0;
  49   3           switch(temp) 
  50   3             { 
  51   4             case(0xe7):result='C';break; 
  52   4             case(0xd7):result='D';break; 
  53   4             case(0xb7):result='E';break; 
  54   4             case(0x77):result='F';break; 
C51 COMPILER V9.54   KEYBOARD                                                              05/18/2022 19:14:50 PAGE 2   

  55   4             } 
  56   3         } 
  57   2       } 
  58   1       return result;
  59   1      }
  60          void delay1ms1(unsigned int i)
  61          {
  62   1         unsigned char j;
  63   1         while(i--)
  64   1           {
  65   2          for (j=0;j<114;j++);
  66   2         }
  67   1      }


MODULE INFORMATION:   STATIC OVERLAYABLE
   CODE SIZE        =    227    ----
   CONSTANT SIZE    =   ----    ----
   XDATA SIZE       =   ----    ----
   PDATA SIZE       =   ----    ----
   DATA SIZE        =   ----       2
   IDATA SIZE       =   ----    ----
   BIT SIZE         =   ----    ----
END OF MODULE INFORMATION.


C51 COMPILATION COMPLETE.  0 WARNING(S),  0 ERROR(S)
