C51 COMPILER V9.54   TIMER                                                                 04/28/2022 17:04:57 PAGE 1   


C51 COMPILER V9.54, COMPILATION OF MODULE TIMER
OBJECT MODULE PLACED IN .\Objects\timer.obj
COMPILER INVOKED BY: D:\keil 5\C51\BIN\C51.EXE timer.c OPTIMIZE(8,SPEED) BROWSE DEBUG OBJECTEXTEND PRINT(.\Listings\time
                    -r.lst) TABS(2) OBJECT(.\Objects\timer.obj)

line level    source

   1          #include <REGX51.H>
   2          
   3          unsigned char count=0;
   4          unsigned char miao=0;
   5          
   6          void timer_1() interrupt 3
   7          {
   8   1        TH1=(65536-50000)/256;
   9   1        TL1=(65536-50000)%256;
  10   1        count++;
  11   1        if(count==20)
  12   1        {
  13   2          count=0;
  14   2          miao++;
  15   2          if(miao==100)miao=0;
  16   2        }
  17   1      }
  18          
  19          void disp(unsigned char i)
  20          {
  21   1        unsigned char j;
  22   1        unsigned char led[]={0xc0,0xf9,0xa4,0xb0,0x99,0x92,0x82,0xf8,0x80,0x90};
  23   1        P1=0xff;
  24   1        P2=0xfe;
  25   1        P1=led[i/10];
  26   1      
  27   1        for (j=0;j<100;j++);
  28   1        
  29   1        P1=0xff;
  30   1        P2=0xfd;
  31   1        P1=led[i%10];
  32   1        for (j=0;j<100;j++);
  33   1      }
  34          
  35          void main()
  36          {
  37   1        TMOD=0X10;
  38   1        TH1=(65536-50000)/256;
  39   1        TL1=(65536-50000)%256;
  40   1        ET1=1;
  41   1        EA=1;
  42   1        TR1=1;
  43   1        while(1)
  44   1        {
  45   2          disp(miao);
  46   2        }
  47   1      }


MODULE INFORMATION:   STATIC OVERLAYABLE
   CODE SIZE        =    129    ----
   CONSTANT SIZE    =     10    ----
   XDATA SIZE       =   ----    ----
   PDATA SIZE       =   ----    ----
C51 COMPILER V9.54   TIMER                                                                 04/28/2022 17:04:57 PAGE 2   

   DATA SIZE        =      2      11
   IDATA SIZE       =   ----    ----
   BIT SIZE         =   ----    ----
END OF MODULE INFORMATION.


C51 COMPILATION COMPLETE.  0 WARNING(S),  0 ERROR(S)
